<?xml version="1.0" encoding="UTF-8"?>
<!-- Generated by org.testng.reporters.JUnitReportReporter -->
<testsuite hostname="DESKTOP-CAEQG93" name="com.Ljd.Ljduitest.testcase.TestLogin" tests="1" failures="0" timestamp="28 Aug 2018 03:03:56 GMT" time="15.540" errors="0">
  <testcase name="Login" time="15.540" classname="com.Ljd.Ljduitest.testcase.TestLogin"/>
</testsuite> <!-- com.Ljd.Ljduitest.testcase.TestLogin -->
