<?xml version="1.0" encoding="UTF-8"?>
<!-- Generated by org.testng.reporters.JUnitReportReporter -->
<testsuite skipped="0" hostname="DESKTOP-CAEQG93" name="com.Ljd.Ljduitest.testcase.TestLogin" tests="1" failures="0" timestamp="28 八月 2018 09:37:45 GMT" time="7.671" errors="0">
  <testcase name="Login" time="7.671" classname="com.Ljd.Ljduitest.testcase.TestLogin"/>
</testsuite> <!-- com.Ljd.Ljduitest.testcase.TestLogin -->
