<?xml version="1.0" encoding="UTF-8"?>
<!-- Generated by org.testng.reporters.JUnitReportReporter -->
<testsuite skipped="0" hostname="Maletoos" name="com.Ljd.Ljduitest.testcase.Testassert" tests="2" failures="0" timestamp="03 九月 2018 09:22:04 GMT" time="0.016" errors="0">
  <testcase name="test2" time="0.016" classname="com.Ljd.Ljduitest.testcase.Testassert"/>
  <testcase name="test1" time="0.000" classname="com.Ljd.Ljduitest.testcase.Testassert"/>
</testsuite> <!-- com.Ljd.Ljduitest.testcase.Testassert -->
