<?xml version="1.0" encoding="UTF-8"?>
<!-- Generated by org.testng.reporters.JUnitReportReporter -->
<testsuite hostname="DESKTOP-CAEQG93" name="com.Ljd.Ljduitest.testcase.TestLogin" tests="1" failures="0" timestamp="28 Aug 2018 09:06:57 GMT" time="7.530" errors="0">
  <testcase name="Login" time="7.530" classname="com.Ljd.Ljduitest.testcase.TestLogin"/>
</testsuite> <!-- com.Ljd.Ljduitest.testcase.TestLogin -->
